**************************************************
Launching PinAPL-Py v2.9.2
P. Spahn et al., UC San Diego (12/2020)
**************************************************


**************************************************
Running character sanity check ...
**************************************************
No special characters found.
Character sanity check completed.




**************************************************
Reading sample definition input ...
**************************************************
Found sample Control_1
Found sample Control_2
Found sample ToxinA_1
Found sample ToxinB_1
Found sample ToxinB_2
Found sample ToxinA_2
Sample definition completed.




**************************************************
Running sequence quality control ...
**************************************************
Sequence quality folder found. Skipping quality check ... 
Sequence quality control completed.




**************************************************
Trimming reads ...
**************************************************
Alignment folder found. Skipping read trimming ... 
Read trimming completed.




**************************************************
Mapping reads to library ...
**************************************************
Alignment folder found for sample Control_1. Skipping alignment ... 
Alignment folder found for sample Control_2. Skipping alignment ... 
Alignment folder found for sample ToxinA_1. Skipping alignment ... 
Alignment folder found for sample ToxinB_1. Skipping alignment ... 
Alignment folder found for sample ToxinB_2. Skipping alignment ... 
Alignment folder found for sample ToxinA_2. Skipping alignment ... 
Read alignments completed.




**************************************************
Collecting read counts ...
**************************************************
Processing sample Control_1 ... 
++++++++++++++++++++++++++++++++++++++++++++++++
Loading alignment ...
Applying matching threshold ...
Applying ambiguity threshold ...
*** Successfully mapped reads: 337067 (67.4%) ***
Writing alignment logfile ...
Plotting mapping quality ...
Plotting alignment scores ...
------------------------------------------------
Script completed.
Time elapsed [secs]: 3.153

Processing sample Control_2 ... 
++++++++++++++++++++++++++++++++++++++++++++++++
Loading alignment ...
Applying matching threshold ...
Applying ambiguity threshold ...
*** Successfully mapped reads: 335865 (67.3%) ***
Writing alignment logfile ...
Plotting mapping quality ...
Plotting alignment scores ...
------------------------------------------------
Script completed.
Time elapsed [secs]: 3.340

Processing sample ToxinA_1 ... 
++++++++++++++++++++++++++++++++++++++++++++++++
Loading alignment ...
Applying matching threshold ...
Applying ambiguity threshold ...
*** Successfully mapped reads: 342137 (68.5%) ***
Writing alignment logfile ...
Plotting mapping quality ...
Plotting alignment scores ...
------------------------------------------------
Script completed.
Time elapsed [secs]: 3.140

Processing sample ToxinB_1 ... 
++++++++++++++++++++++++++++++++++++++++++++++++
Loading alignment ...
Applying matching threshold ...
Applying ambiguity threshold ...
*** Successfully mapped reads: 354859 (71.0%) ***
Writing alignment logfile ...
Plotting mapping quality ...
Plotting alignment scores ...
------------------------------------------------
Script completed.
Time elapsed [secs]: 3.181

Processing sample ToxinB_2 ... 
++++++++++++++++++++++++++++++++++++++++++++++++
Loading alignment ...
Applying matching threshold ...
Applying ambiguity threshold ...
*** Successfully mapped reads: 353732 (70.8%) ***
Writing alignment logfile ...
Plotting mapping quality ...
Plotting alignment scores ...
------------------------------------------------
Script completed.
Time elapsed [secs]: 3.158

Processing sample ToxinA_2 ... 
++++++++++++++++++++++++++++++++++++++++++++++++
Loading alignment ...
Applying matching threshold ...
Applying ambiguity threshold ...
*** Successfully mapped reads: 334267 (66.9%) ***
Writing alignment logfile ...
Plotting mapping quality ...
Plotting alignment scores ...
------------------------------------------------
Script completed.
Time elapsed [secs]: 3.137

Read count acquisition completed.




**************************************************
Averaging read counts over replicates ...
**************************************************
Processing Control ...
Averaging read counts over 4 replicates ...
------------------------------------------------
Script completed.
Time elapsed [secs]: 6.092

Processing ToxinB ...
Averaging read counts over 4 replicates ...
------------------------------------------------
Script completed.
Time elapsed [secs]: 6.002

Processing ToxinA ...
Averaging read counts over 4 replicates ...
------------------------------------------------
Script completed.
Time elapsed [secs]: 5.933

Read count averaging completed.




**************************************************
Normalizing read counts ...
**************************************************
++++++++++++++++++++++++++++++++++++++++++++++++
Normalizing to mean total read count ...
Processing file ToxinB_1_GuideCounts.txt ...
Processing file ToxinA_1_GuideCounts.txt ...
Processing file Control_avg_GuideCounts.txt ...
Processing file ToxinB_avg_GuideCounts.txt ...
Processing file Control_2_GuideCounts.txt ...
Processing file ToxinA_2_GuideCounts.txt ...
Processing file ToxinA_avg_GuideCounts.txt ...
Processing file Control_1_GuideCounts.txt ...
Processing file ToxinB_2_GuideCounts.txt ...
Processing file ToxinB_avg_GeneCounts.txt ...
Processing file Control_2_GeneCounts.txt ...
Processing file ToxinA_1_GeneCounts.txt ...
Processing file ToxinA_2_GeneCounts.txt ...
Processing file Control_avg_GeneCounts.txt ...
Processing file Control_1_GeneCounts.txt ...
Processing file ToxinB_1_GeneCounts.txt ...
Processing file ToxinA_avg_GeneCounts.txt ...
Processing file ToxinB_2_GeneCounts.txt ...
------------------------------------------------
Script completed.
Time elapsed (Total) [secs]: 3.932

Read count normalization completed.




**************************************************
Analyzing sgRNA read count distribution ...
**************************************************
Processing sample ToxinB_1 ... 
++++++++++++++++++++++++++++++++++++++++++++++++
Computing Gini coefficients ... 
Gini Index (sgRNAs): 0.971
Gini Index (genes): 0.895
Plotting Lorenz curves ...
Generating boxplots...
Generating histograms...
Writing distribution file ... 
------------------------------------------------
Script completed.
Time elapsed [secs]: 1.664

Processing sample ToxinA_1 ... 
++++++++++++++++++++++++++++++++++++++++++++++++
Computing Gini coefficients ... 
Gini Index (sgRNAs): 0.95
Gini Index (genes): 0.797
Plotting Lorenz curves ...
Generating boxplots...
Generating histograms...
Writing distribution file ... 
------------------------------------------------
Script completed.
Time elapsed [secs]: 1.697

Processing sample Control_avg ... 
++++++++++++++++++++++++++++++++++++++++++++++++
Computing Gini coefficients ... 
Gini Index (sgRNAs): 0.664
Gini Index (genes): 0.374
Plotting Lorenz curves ...
Generating boxplots...
Generating histograms...
Writing distribution file ... 
------------------------------------------------
Script completed.
Time elapsed [secs]: 1.593

Processing sample ToxinB_avg ... 
++++++++++++++++++++++++++++++++++++++++++++++++
Computing Gini coefficients ... 
Gini Index (sgRNAs): 0.968
Gini Index (genes): 0.895
Plotting Lorenz curves ...
Generating boxplots...
Generating histograms...
Writing distribution file ... 
------------------------------------------------
Script completed.
Time elapsed [secs]: 1.680

Processing sample Control_2 ... 
++++++++++++++++++++++++++++++++++++++++++++++++
Computing Gini coefficients ... 
Gini Index (sgRNAs): 0.752
Gini Index (genes): 0.445
Plotting Lorenz curves ...
Generating boxplots...
Generating histograms...
Writing distribution file ... 
------------------------------------------------
Script completed.
Time elapsed [secs]: 1.592

Processing sample ToxinA_2 ... 
++++++++++++++++++++++++++++++++++++++++++++++++
Computing Gini coefficients ... 
Gini Index (sgRNAs): 0.92
Gini Index (genes): 0.72
Plotting Lorenz curves ...
Generating boxplots...
Generating histograms...
Writing distribution file ... 
------------------------------------------------
Script completed.
Time elapsed [secs]: 1.691

Processing sample ToxinA_avg ... 
++++++++++++++++++++++++++++++++++++++++++++++++
Computing Gini coefficients ... 
Gini Index (sgRNAs): 0.93
Gini Index (genes): 0.751
Plotting Lorenz curves ...
Generating boxplots...
Generating histograms...
Writing distribution file ... 
------------------------------------------------
Script completed.
Time elapsed [secs]: 1.682

Processing sample Control_1 ... 
++++++++++++++++++++++++++++++++++++++++++++++++
Computing Gini coefficients ... 
Gini Index (sgRNAs): 0.774
Gini Index (genes): 0.467
Plotting Lorenz curves ...
Generating boxplots...
Generating histograms...
Writing distribution file ... 
------------------------------------------------
Script completed.
Time elapsed [secs]: 1.646

Processing sample ToxinB_2 ... 
++++++++++++++++++++++++++++++++++++++++++++++++
Computing Gini coefficients ... 
Gini Index (sgRNAs): 0.972
Gini Index (genes): 0.904
Plotting Lorenz curves ...
Generating boxplots...
Generating histograms...
Writing distribution file ... 
------------------------------------------------
Script completed.
Time elapsed [secs]: 1.700

Read count distribution analysis completed.




**************************************************
Analyzing control samples ...
**************************************************
++++++++++++++++++++++++++++++++++++++++++++++++
Reading sgRNA counts ...
Estimating mean and variance ...
Overdispersion detected at p=0.0. Choosing negative binomial model ...
Computing distribution parameters ...
Writing dataframe ...
Generating dispersion plot ...
Generating log regression plot ...
------------------------------------------------
Script completed.
Time elapsed (Total) [secs]: 4.385

Control sample analysis completed.




**************************************************
sgRNA enrichment analysis ...
**************************************************
Processing sample ToxinB_1 ... 
++++++++++++++++++++++++++++++++++++++++++++++++
Loading sgRNA read counts ...
Computing fold-changes ...
Computing p-values (Neg. Binomial model) ...
Multiple tests correction ...
Plotting p-value histogram ...
Writing results dataframe ...
Converting to xlsx ...
